<?xml version="1.0" encoding="UTF-8"?>
<!-- Generated by org.testng.reporters.JUnitReportReporter -->
<testsuite hostname="DESKTOP-QPO8K3C" failures="0" tests="3" name="testCases.HomePageTest" time="33.232" errors="0" timestamp="2020-10-29T22:06:53 IST" skipped="0">
  <testcase classname="testCases.HomePageTest" name="titleOfLinksRightSection" time="32.092"/>
  <system-out/>
  <testcase classname="testCases.HomePageTest" name="numberOfLinksInRightSection" time="0.563"/>
  <system-out/>
  <testcase classname="testCases.HomePageTest" name="numberOfLinksInLeftSection" time="0.577"/>
  <system-out/>
</testsuite> <!-- testCases.HomePageTest -->
