<?xml version="1.0" encoding="UTF-8"?>
<!-- Generated by org.testng.reporters.JUnitReportReporter -->
<testsuite hostname="DESKTOP-QPO8K3C" failures="0" tests="1" name="testCases.DemoTest" time="17.671" errors="0" timestamp="2020-10-28T18:58:39 IST" skipped="0">
  <testcase classname="testCases.DemoTest" name="launch" time="17.671"/>
  <system-out/>
</testsuite> <!-- testCases.DemoTest -->
