<?xml version="1.0" encoding="UTF-8"?>
<!-- Generated by org.testng.reporters.JUnitReportReporter -->
<testsuite hostname="DESKTOP-QPO8K3C" failures="0" tests="1" name="testCases.ExcelTest" time="1.130" errors="0" timestamp="2020-12-02T22:14:28 IST" skipped="0">
  <testcase classname="testCases.ExcelTest" name="excelValue" time="1.130"/>
  <system-out/>
</testsuite> <!-- testCases.ExcelTest -->
