<?xml version="1.0" encoding="UTF-8"?>
<!-- Generated by org.testng.reporters.JUnitReportReporter -->
<testsuite skipped="0" hostname="LAPTOP-G1AJ66R1" name="testClassesStepDefinations.IbiboMenusTestsSteps" tests="5" failures="0" timestamp="2020-11-26T20:56:30 IST" time="20.688" errors="0">
  <testcase name="checkBuslink" time="16.573" classname="testClassesStepDefinations.IbiboMenusTestsSteps"/>
  <system-out/>
  <testcase name="checkGostayslink" time="1.960" classname="testClassesStepDefinations.IbiboMenusTestsSteps"/>
  <system-out/>
  <testcase name="checkIRCTClink" time="0.647" classname="testClassesStepDefinations.IbiboMenusTestsSteps"/>
  <system-out/>
  <testcase name="checkVisalink" time="0.624" classname="testClassesStepDefinations.IbiboMenusTestsSteps"/>
  <system-out/>
  <testcase name="checkFlightlink" time="0.884" classname="testClassesStepDefinations.IbiboMenusTestsSteps"/>
  <system-out/>
</testsuite> <!-- testClassesStepDefinations.IbiboMenusTestsSteps -->
