<?xml version="1.0" encoding="UTF-8"?>
<!-- Generated by org.testng.reporters.JUnitReportReporter -->
<testsuite hostname="DESKTOP-QPO8K3C" failures="0" tests="7" name="testCases.HomePageTest" time="175.419" errors="0" timestamp="2020-11-16T22:40:18 IST" skipped="0">
  <testcase classname="testCases.HomePageTest" name="validateOfOneRoundTrip" time="41.347"/>
  <system-out/>
  <testcase classname="testCases.HomePageTest" name="departureTime_Stops_Airlines" time="0.509"/>
  <system-out/>
  <testcase classname="testCases.HomePageTest" name="ValidateFilterResult" time="6.967"/>
  <system-out/>
  <testcase classname="testCases.HomePageTest" name="numberOfLinksInRightSection" time="1.327"/>
  <system-out/>
  <testcase classname="testCases.HomePageTest" name="oneRoundTripWithoutDepDate" time="93.452"/>
  <system-out/>
  <testcase classname="testCases.HomePageTest" name="numberOfLinksInLeftSection" time="0.418"/>
  <system-out/>
  <testcase classname="testCases.HomePageTest" name="titleOfLinksRightSection" time="31.399"/>
  <system-out/>
</testsuite> <!-- testCases.HomePageTest -->
