<?xml version="1.0" encoding="UTF-8"?>
<!-- Generated by org.testng.reporters.JUnitReportReporter -->
<testsuite hostname="DESKTOP-QPO8K3C" failures="0" tests="3" name="testCases.HomePageTest" time="33.910" errors="0" timestamp="2020-10-29T22:08:25 IST" skipped="0">
  <testcase classname="testCases.HomePageTest" name="numberOfLinksInLeftSection" time="1.118"/>
  <system-out/>
  <testcase classname="testCases.HomePageTest" name="numberOfLinksInRightSection" time="0.583"/>
  <system-out/>
  <testcase classname="testCases.HomePageTest" name="titleOfLinksRightSection" time="32.209"/>
  <system-out/>
</testsuite> <!-- testCases.HomePageTest -->
