<?xml version="1.0" encoding="UTF-8"?>
<!-- Generated by org.testng.reporters.JUnitReportReporter -->
<testsuite hostname="DESKTOP-QPO8K3C" failures="0" tests="1" name="testCases.DemoTest" time="10.251" errors="0" timestamp="2020-10-28T20:57:57 IST" skipped="0">
  <testcase classname="testCases.DemoTest" name="launch" time="10.251"/>
  <system-out/>
</testsuite> <!-- testCases.DemoTest -->
